<?xml version="1.0" encoding="UTF-8"?>
<!-- Generated by org.testng.reporters.JUnitReportReporter -->
<testsuite hostname="DESKTOP-QD2UUQP" failures="0" tests="2" name="com.freecrm.qa.testcases.ContactsPageTest" time="79.899" errors="0" timestamp="2021-05-16T16:22:35 IST" skipped="0">
  <testcase classname="com.freecrm.qa.testcases.ContactsPageTest" name="verifyContactPageLabel" time="35.023"/>
  <system-out/>
  <testcase classname="com.freecrm.qa.testcases.ContactsPageTest" name="createNewContact" time="44.876"/>
  <system-out/>
</testsuite> <!-- com.freecrm.qa.testcases.ContactsPageTest -->
