<?xml version="1.0" encoding="UTF-8"?>
<!-- Generated by org.testng.reporters.JUnitReportReporter -->
<testsuite hostname="DESKTOP-QD2UUQP" failures="0" tests="3" name="com.freecrm.qa.testcases.HomePageTest" time="85.338" errors="0" timestamp="2021-05-16T10:18:47 IST" skipped="0">
  <testcase classname="com.freecrm.qa.testcases.HomePageTest" name="verifyHomePageTitleTest" time="27.060"/>
  <system-out/>
  <testcase classname="com.freecrm.qa.testcases.HomePageTest" name="verifyUserName" time="29.962"/>
  <system-out/>
  <testcase classname="com.freecrm.qa.testcases.HomePageTest" name="verifyContactLink" time="28.316"/>
  <system-out/>
</testsuite> <!-- com.freecrm.qa.testcases.HomePageTest -->
