<?xml version="1.0" encoding="UTF-8"?>
<!-- Generated by org.testng.reporters.JUnitReportReporter -->
<testsuite hostname="DESKTOP-QD2UUQP" failures="0" tests="3" name="com.freecrm.qa.testcases.LoginPageTest" time="55.130" errors="0" timestamp="2021-05-16T10:18:47 IST" skipped="0">
  <testcase classname="com.freecrm.qa.testcases.LoginPageTest" name="loginPageTitle" time="15.365"/>
  <system-out/>
  <testcase classname="com.freecrm.qa.testcases.LoginPageTest" name="crmLogo" time="13.350"/>
  <system-out/>
  <testcase classname="com.freecrm.qa.testcases.LoginPageTest" name="login" time="26.415"/>
  <system-out/>
</testsuite> <!-- com.freecrm.qa.testcases.LoginPageTest -->
